<?xml version="1.0" encoding="UTF-8"?>
<!-- Generated by org.testng.reporters.JUnitXMLReporter -->
<testsuite ignored="1" hostname="DESKTOP-IOTR1HB" failures="0" tests="4" name="Default test" time="0.168" errors="0" timestamp="2024-01-10T10:13:56 IST">
  <testcase classname="practice.TestNGParctice" name="deleteCustomer" time="0.029"/>
  <testcase classname="practice.TestNGParctice" name="updateCustomer" time="0.008"/>
  <testcase classname="practice.TestNGParctice" name="createCustomer" time="0.003"/>
  <testcase classname="practice.TestNGParctice" name="createCustomer" time="0.002"/>
  <testcase classname="practice.TestNGParctice" name="modifyCustomer" time="0.0">
    <ignored/>
  </testcase> <!-- modifyCustomer -->
</testsuite> <!-- Default test -->
